CRITICAL - 2022-02-22 03:02:53 --> The framework needs the following extension(s) installed and loaded: intl.
#0 D:\xampp new\htdocs\unisys\system\CodeIgniter.php(219): CodeIgniter\Exceptions\FrameworkException::forMissingExtension('intl')
#1 D:\xampp new\htdocs\unisys\system\CodeIgniter.php(177): CodeIgniter\CodeIgniter->resolvePlatformExtensions()
#2 D:\xampp new\htdocs\unisys\system\bootstrap.php(146): CodeIgniter\CodeIgniter->initialize()
#3 D:\xampp new\htdocs\unisys\public\index.php(28): require('D:\\xampp new\\ht...')
#4 {main}
CRITICAL - 2022-02-22 03:03:19 --> The framework needs the following extension(s) installed and loaded: intl.
#0 D:\xampp new\htdocs\unisys\system\CodeIgniter.php(219): CodeIgniter\Exceptions\FrameworkException::forMissingExtension('intl')
#1 D:\xampp new\htdocs\unisys\system\CodeIgniter.php(177): CodeIgniter\CodeIgniter->resolvePlatformExtensions()
#2 D:\xampp new\htdocs\unisys\system\bootstrap.php(146): CodeIgniter\CodeIgniter->initialize()
#3 D:\xampp new\htdocs\unisys\public\index.php(28): require('D:\\xampp new\\ht...')
#4 {main}
CRITICAL - 2022-02-22 04:11:14 --> The framework needs the following extension(s) installed and loaded: intl.
#0 D:\xampp new\htdocs\unisys\system\CodeIgniter.php(219): CodeIgniter\Exceptions\FrameworkException::forMissingExtension('intl')
#1 D:\xampp new\htdocs\unisys\system\CodeIgniter.php(177): CodeIgniter\CodeIgniter->resolvePlatformExtensions()
#2 D:\xampp new\htdocs\unisys\system\bootstrap.php(146): CodeIgniter\CodeIgniter->initialize()
#3 D:\xampp new\htdocs\unisys\public\index.php(28): require('D:\\xampp new\\ht...')
#4 {main}
CRITICAL - 2022-02-22 02:13:24 --> Call to a member function load() on null
#0 D:\xampp new\htdocs\unisys\system\CodeIgniter.php(825): App\Controllers\Home->index()
#1 D:\xampp new\htdocs\unisys\system\CodeIgniter.php(412): CodeIgniter\CodeIgniter->runController(Object(App\Controllers\Home))
#2 D:\xampp new\htdocs\unisys\system\CodeIgniter.php(320): CodeIgniter\CodeIgniter->handleRequest(NULL, Object(Config\Cache), false)
#3 D:\xampp new\htdocs\unisys\public\index.php(37): CodeIgniter\CodeIgniter->run()
#4 D:\xampp new\htdocs\unisys\system\Commands\Server\rewrite.php(43): require_once('D:\\xampp new\\ht...')
#5 {main}
CRITICAL - 2022-02-22 02:15:48 --> Call to a member function load() on null
#0 D:\xampp new\htdocs\unisys\system\CodeIgniter.php(825): App\Controllers\Home->index()
#1 D:\xampp new\htdocs\unisys\system\CodeIgniter.php(412): CodeIgniter\CodeIgniter->runController(Object(App\Controllers\Home))
#2 D:\xampp new\htdocs\unisys\system\CodeIgniter.php(320): CodeIgniter\CodeIgniter->handleRequest(NULL, Object(Config\Cache), false)
#3 D:\xampp new\htdocs\unisys\public\index.php(37): CodeIgniter\CodeIgniter->run()
#4 D:\xampp new\htdocs\unisys\system\Commands\Server\rewrite.php(43): require_once('D:\\xampp new\\ht...')
#5 {main}
CRITICAL - 2022-02-22 02:56:46 --> Call to a member function load() on null
#0 D:\xampp new\htdocs\unisys\system\CodeIgniter.php(825): App\Controllers\Home->index()
#1 D:\xampp new\htdocs\unisys\system\CodeIgniter.php(412): CodeIgniter\CodeIgniter->runController(Object(App\Controllers\Home))
#2 D:\xampp new\htdocs\unisys\system\CodeIgniter.php(320): CodeIgniter\CodeIgniter->handleRequest(NULL, Object(Config\Cache), false)
#3 D:\xampp new\htdocs\unisys\public\index.php(37): CodeIgniter\CodeIgniter->run()
#4 D:\xampp new\htdocs\unisys\system\Commands\Server\rewrite.php(43): require_once('D:\\xampp new\\ht...')
#5 {main}
CRITICAL - 2022-02-22 03:39:09 --> Call to undefined function App\Libraries\get_instance()
#0 D:\xampp new\htdocs\unisys\app\Controllers\Home.php(15): App\Libraries\Template->load('template/main_t...', Array, Array)
#1 D:\xampp new\htdocs\unisys\system\CodeIgniter.php(825): App\Controllers\Home->index()
#2 D:\xampp new\htdocs\unisys\system\CodeIgniter.php(412): CodeIgniter\CodeIgniter->runController(Object(App\Controllers\Home))
#3 D:\xampp new\htdocs\unisys\system\CodeIgniter.php(320): CodeIgniter\CodeIgniter->handleRequest(NULL, Object(Config\Cache), false)
#4 D:\xampp new\htdocs\unisys\public\index.php(37): CodeIgniter\CodeIgniter->run()
#5 D:\xampp new\htdocs\unisys\system\Commands\Server\rewrite.php(43): require_once('D:\\xampp new\\ht...')
#6 {main}
CRITICAL - 2022-02-22 03:41:36 --> Call to undefined function App\Libraries\get_instance()
#0 D:\xampp new\htdocs\unisys\app\Controllers\Home.php(15): App\Libraries\Template->load('template/main_t...', Array, Array)
#1 D:\xampp new\htdocs\unisys\system\CodeIgniter.php(825): App\Controllers\Home->index()
#2 D:\xampp new\htdocs\unisys\system\CodeIgniter.php(412): CodeIgniter\CodeIgniter->runController(Object(App\Controllers\Home))
#3 D:\xampp new\htdocs\unisys\system\CodeIgniter.php(320): CodeIgniter\CodeIgniter->handleRequest(NULL, Object(Config\Cache), false)
#4 D:\xampp new\htdocs\unisys\public\index.php(37): CodeIgniter\CodeIgniter->run()
#5 D:\xampp new\htdocs\unisys\system\Commands\Server\rewrite.php(43): require_once('D:\\xampp new\\ht...')
#6 {main}
CRITICAL - 2022-02-22 03:42:05 --> Call to undefined function App\Libraries\get_instance()
#0 D:\xampp new\htdocs\unisys\app\Controllers\Home.php(15): App\Libraries\Template->load('template/main_t...', Array, Array)
#1 D:\xampp new\htdocs\unisys\system\CodeIgniter.php(825): App\Controllers\Home->index()
#2 D:\xampp new\htdocs\unisys\system\CodeIgniter.php(412): CodeIgniter\CodeIgniter->runController(Object(App\Controllers\Home))
#3 D:\xampp new\htdocs\unisys\system\CodeIgniter.php(320): CodeIgniter\CodeIgniter->handleRequest(NULL, Object(Config\Cache), false)
#4 D:\xampp new\htdocs\unisys\public\index.php(37): CodeIgniter\CodeIgniter->run()
#5 D:\xampp new\htdocs\unisys\system\Commands\Server\rewrite.php(43): require_once('D:\\xampp new\\ht...')
#6 {main}
CRITICAL - 2022-02-22 03:42:08 --> Call to undefined function App\Libraries\get_instance()
#0 D:\xampp new\htdocs\unisys\app\Controllers\Home.php(15): App\Libraries\Template->load('template/main_t...', Array, Array)
#1 D:\xampp new\htdocs\unisys\system\CodeIgniter.php(825): App\Controllers\Home->index()
#2 D:\xampp new\htdocs\unisys\system\CodeIgniter.php(412): CodeIgniter\CodeIgniter->runController(Object(App\Controllers\Home))
#3 D:\xampp new\htdocs\unisys\system\CodeIgniter.php(320): CodeIgniter\CodeIgniter->handleRequest(NULL, Object(Config\Cache), false)
#4 D:\xampp new\htdocs\unisys\public\index.php(37): CodeIgniter\CodeIgniter->run()
#5 D:\xampp new\htdocs\unisys\system\Commands\Server\rewrite.php(43): require_once('D:\\xampp new\\ht...')
#6 {main}
CRITICAL - 2022-02-22 03:42:11 --> Call to undefined function App\Libraries\get_instance()
#0 D:\xampp new\htdocs\unisys\app\Controllers\Home.php(15): App\Libraries\Template->load('template/main_t...', Array, Array)
#1 D:\xampp new\htdocs\unisys\system\CodeIgniter.php(825): App\Controllers\Home->index()
#2 D:\xampp new\htdocs\unisys\system\CodeIgniter.php(412): CodeIgniter\CodeIgniter->runController(Object(App\Controllers\Home))
#3 D:\xampp new\htdocs\unisys\system\CodeIgniter.php(320): CodeIgniter\CodeIgniter->handleRequest(NULL, Object(Config\Cache), false)
#4 D:\xampp new\htdocs\unisys\public\index.php(37): CodeIgniter\CodeIgniter->run()
#5 D:\xampp new\htdocs\unisys\system\Commands\Server\rewrite.php(43): require_once('D:\\xampp new\\ht...')
#6 {main}
CRITICAL - 2022-02-22 03:48:50 --> Invalid file: templates/header.php
#0 D:\xampp new\htdocs\unisys\system\View\View.php(198): CodeIgniter\Exceptions\FrameworkException::forInvalidFile('templates/heade...')
#1 D:\xampp new\htdocs\unisys\system\Common.php(1089): CodeIgniter\View\View->render('templates/heade...', Array, true)
#2 D:\xampp new\htdocs\unisys\app\Controllers\BaseController.php(55): view('templates/heade...', Array)
#3 D:\xampp new\htdocs\unisys\app\Controllers\Home.php(16): App\Controllers\BaseController->template('pages/home', Array)
#4 D:\xampp new\htdocs\unisys\system\CodeIgniter.php(825): App\Controllers\Home->index()
#5 D:\xampp new\htdocs\unisys\system\CodeIgniter.php(412): CodeIgniter\CodeIgniter->runController(Object(App\Controllers\Home))
#6 D:\xampp new\htdocs\unisys\system\CodeIgniter.php(320): CodeIgniter\CodeIgniter->handleRequest(NULL, Object(Config\Cache), false)
#7 D:\xampp new\htdocs\unisys\public\index.php(37): CodeIgniter\CodeIgniter->run()
#8 D:\xampp new\htdocs\unisys\system\Commands\Server\rewrite.php(43): require_once('D:\\xampp new\\ht...')
#9 {main}
CRITICAL - 2022-02-22 03:49:09 --> Invalid file: templates/header.php
#0 D:\xampp new\htdocs\unisys\system\View\View.php(198): CodeIgniter\Exceptions\FrameworkException::forInvalidFile('templates/heade...')
#1 D:\xampp new\htdocs\unisys\system\Common.php(1089): CodeIgniter\View\View->render('templates/heade...', Array, true)
#2 D:\xampp new\htdocs\unisys\app\Controllers\BaseController.php(55): view('templates/heade...', Array)
#3 D:\xampp new\htdocs\unisys\app\Controllers\Home.php(16): App\Controllers\BaseController->template('pages/', Array)
#4 D:\xampp new\htdocs\unisys\system\CodeIgniter.php(825): App\Controllers\Home->index()
#5 D:\xampp new\htdocs\unisys\system\CodeIgniter.php(412): CodeIgniter\CodeIgniter->runController(Object(App\Controllers\Home))
#6 D:\xampp new\htdocs\unisys\system\CodeIgniter.php(320): CodeIgniter\CodeIgniter->handleRequest(NULL, Object(Config\Cache), false)
#7 D:\xampp new\htdocs\unisys\public\index.php(37): CodeIgniter\CodeIgniter->run()
#8 D:\xampp new\htdocs\unisys\system\Commands\Server\rewrite.php(43): require_once('D:\\xampp new\\ht...')
#9 {main}
CRITICAL - 2022-02-22 03:49:24 --> Invalid file: templates/header.php
#0 D:\xampp new\htdocs\unisys\system\View\View.php(198): CodeIgniter\Exceptions\FrameworkException::forInvalidFile('templates/heade...')
#1 D:\xampp new\htdocs\unisys\system\Common.php(1089): CodeIgniter\View\View->render('templates/heade...', Array, true)
#2 D:\xampp new\htdocs\unisys\app\Controllers\BaseController.php(55): view('templates/heade...', Array)
#3 D:\xampp new\htdocs\unisys\app\Controllers\Home.php(16): App\Controllers\BaseController->template('/pages/view', Array)
#4 D:\xampp new\htdocs\unisys\system\CodeIgniter.php(825): App\Controllers\Home->index()
#5 D:\xampp new\htdocs\unisys\system\CodeIgniter.php(412): CodeIgniter\CodeIgniter->runController(Object(App\Controllers\Home))
#6 D:\xampp new\htdocs\unisys\system\CodeIgniter.php(320): CodeIgniter\CodeIgniter->handleRequest(NULL, Object(Config\Cache), false)
#7 D:\xampp new\htdocs\unisys\public\index.php(37): CodeIgniter\CodeIgniter->run()
#8 D:\xampp new\htdocs\unisys\system\Commands\Server\rewrite.php(43): require_once('D:\\xampp new\\ht...')
#9 {main}
CRITICAL - 2022-02-22 03:49:45 --> Invalid file: templates/header.php
#0 D:\xampp new\htdocs\unisys\system\View\View.php(198): CodeIgniter\Exceptions\FrameworkException::forInvalidFile('templates/heade...')
#1 D:\xampp new\htdocs\unisys\system\Common.php(1089): CodeIgniter\View\View->render('templates/heade...', Array, true)
#2 D:\xampp new\htdocs\unisys\app\Controllers\BaseController.php(55): view('templates/heade...', Array)
#3 D:\xampp new\htdocs\unisys\app\Controllers\Home.php(16): App\Controllers\BaseController->template('/pages/view', Array)
#4 D:\xampp new\htdocs\unisys\system\CodeIgniter.php(825): App\Controllers\Home->index()
#5 D:\xampp new\htdocs\unisys\system\CodeIgniter.php(412): CodeIgniter\CodeIgniter->runController(Object(App\Controllers\Home))
#6 D:\xampp new\htdocs\unisys\system\CodeIgniter.php(320): CodeIgniter\CodeIgniter->handleRequest(NULL, Object(Config\Cache), false)
#7 D:\xampp new\htdocs\unisys\public\index.php(37): CodeIgniter\CodeIgniter->run()
#8 D:\xampp new\htdocs\unisys\system\Commands\Server\rewrite.php(43): require_once('D:\\xampp new\\ht...')
#9 {main}
CRITICAL - 2022-02-22 03:50:10 --> Invalid file: /pages/view.php
#0 D:\xampp new\htdocs\unisys\system\View\View.php(198): CodeIgniter\Exceptions\FrameworkException::forInvalidFile('/pages/view.php')
#1 D:\xampp new\htdocs\unisys\system\Common.php(1089): CodeIgniter\View\View->render('/pages/view', Array, true)
#2 D:\xampp new\htdocs\unisys\app\Controllers\BaseController.php(56): view('/pages/view', Array)
#3 D:\xampp new\htdocs\unisys\app\Controllers\Home.php(16): App\Controllers\BaseController->template('/pages/view', Array)
#4 D:\xampp new\htdocs\unisys\system\CodeIgniter.php(825): App\Controllers\Home->index()
#5 D:\xampp new\htdocs\unisys\system\CodeIgniter.php(412): CodeIgniter\CodeIgniter->runController(Object(App\Controllers\Home))
#6 D:\xampp new\htdocs\unisys\system\CodeIgniter.php(320): CodeIgniter\CodeIgniter->handleRequest(NULL, Object(Config\Cache), false)
#7 D:\xampp new\htdocs\unisys\public\index.php(37): CodeIgniter\CodeIgniter->run()
#8 D:\xampp new\htdocs\unisys\system\Commands\Server\rewrite.php(43): require_once('D:\\xampp new\\ht...')
#9 {main}
CRITICAL - 2022-02-22 04:17:44 --> Class 'App\Controllers\Channel_service' not found
#0 D:\xampp new\htdocs\unisys\system\CodeIgniter.php(825): App\Controllers\Channels->index()
#1 D:\xampp new\htdocs\unisys\system\CodeIgniter.php(412): CodeIgniter\CodeIgniter->runController(Object(App\Controllers\Channels))
#2 D:\xampp new\htdocs\unisys\system\CodeIgniter.php(320): CodeIgniter\CodeIgniter->handleRequest(NULL, Object(Config\Cache), false)
#3 D:\xampp new\htdocs\unisys\public\index.php(37): CodeIgniter\CodeIgniter->run()
#4 D:\xampp new\htdocs\unisys\system\Commands\Server\rewrite.php(43): require_once('D:\\xampp new\\ht...')
#5 {main}
CRITICAL - 2022-02-22 04:31:18 --> Cannot call constructor
#0 D:\xampp new\htdocs\unisys\system\CodeIgniter.php(802): App\Controllers\Channels->__construct()
#1 D:\xampp new\htdocs\unisys\system\CodeIgniter.php(403): CodeIgniter\CodeIgniter->createController()
#2 D:\xampp new\htdocs\unisys\system\CodeIgniter.php(320): CodeIgniter\CodeIgniter->handleRequest(NULL, Object(Config\Cache), false)
#3 D:\xampp new\htdocs\unisys\public\index.php(37): CodeIgniter\CodeIgniter->run()
#4 D:\xampp new\htdocs\unisys\system\Commands\Server\rewrite.php(43): require_once('D:\\xampp new\\ht...')
#5 {main}
CRITICAL - 2022-02-22 04:34:53 --> Cannot call constructor
#0 D:\xampp new\htdocs\unisys\system\CodeIgniter.php(802): App\Controllers\Channels->__construct()
#1 D:\xampp new\htdocs\unisys\system\CodeIgniter.php(403): CodeIgniter\CodeIgniter->createController()
#2 D:\xampp new\htdocs\unisys\system\CodeIgniter.php(320): CodeIgniter\CodeIgniter->handleRequest(NULL, Object(Config\Cache), false)
#3 D:\xampp new\htdocs\unisys\public\index.php(37): CodeIgniter\CodeIgniter->run()
#4 D:\xampp new\htdocs\unisys\system\Commands\Server\rewrite.php(43): require_once('D:\\xampp new\\ht...')
#5 {main}
CRITICAL - 2022-02-22 04:38:46 --> Cannot call constructor
#0 D:\xampp new\htdocs\unisys\system\CodeIgniter.php(802): App\Controllers\Channels->__construct()
#1 D:\xampp new\htdocs\unisys\system\CodeIgniter.php(403): CodeIgniter\CodeIgniter->createController()
#2 D:\xampp new\htdocs\unisys\system\CodeIgniter.php(320): CodeIgniter\CodeIgniter->handleRequest(NULL, Object(Config\Cache), false)
#3 D:\xampp new\htdocs\unisys\public\index.php(37): CodeIgniter\CodeIgniter->run()
#4 D:\xampp new\htdocs\unisys\system\Commands\Server\rewrite.php(43): require_once('D:\\xampp new\\ht...')
#5 {main}
CRITICAL - 2022-02-22 04:46:09 --> Cannot call constructor
#0 D:\xampp new\htdocs\unisys\system\CodeIgniter.php(802): App\Controllers\Channels->__construct()
#1 D:\xampp new\htdocs\unisys\system\CodeIgniter.php(403): CodeIgniter\CodeIgniter->createController()
#2 D:\xampp new\htdocs\unisys\system\CodeIgniter.php(320): CodeIgniter\CodeIgniter->handleRequest(NULL, Object(Config\Cache), false)
#3 D:\xampp new\htdocs\unisys\public\index.php(37): CodeIgniter\CodeIgniter->run()
#4 D:\xampp new\htdocs\unisys\system\Commands\Server\rewrite.php(43): require_once('D:\\xampp new\\ht...')
#5 {main}
CRITICAL - 2022-02-22 04:46:42 --> Cannot call constructor
#0 D:\xampp new\htdocs\unisys\system\CodeIgniter.php(802): App\Controllers\Channels->__construct()
#1 D:\xampp new\htdocs\unisys\system\CodeIgniter.php(403): CodeIgniter\CodeIgniter->createController()
#2 D:\xampp new\htdocs\unisys\system\CodeIgniter.php(320): CodeIgniter\CodeIgniter->handleRequest(NULL, Object(Config\Cache), false)
#3 D:\xampp new\htdocs\unisys\public\index.php(37): CodeIgniter\CodeIgniter->run()
#4 D:\xampp new\htdocs\unisys\system\Commands\Server\rewrite.php(43): require_once('D:\\xampp new\\ht...')
#5 {main}
CRITICAL - 2022-02-22 04:52:46 --> Cannot call constructor
#0 D:\xampp new\htdocs\unisys\system\CodeIgniter.php(802): App\Controllers\Channels->__construct()
#1 D:\xampp new\htdocs\unisys\system\CodeIgniter.php(403): CodeIgniter\CodeIgniter->createController()
#2 D:\xampp new\htdocs\unisys\system\CodeIgniter.php(320): CodeIgniter\CodeIgniter->handleRequest(NULL, Object(Config\Cache), false)
#3 D:\xampp new\htdocs\unisys\public\index.php(37): CodeIgniter\CodeIgniter->run()
#4 D:\xampp new\htdocs\unisys\system\Commands\Server\rewrite.php(43): require_once('D:\\xampp new\\ht...')
#5 {main}
