CRITICAL - 2022-02-23 20:16:44 --> count(): Parameter must be an array or an object that implements Countable
#0 [internal function]: CodeIgniter\Debug\Exceptions->errorHandler(2, 'count(): Parame...', 'D:\\xampp new\\ht...', 52, Array)
#1 D:\xampp new\htdocs\unisys\app\Controllers\Schedule.php(52): count(NULL)
#2 D:\xampp new\htdocs\unisys\system\CodeIgniter.php(825): App\Controllers\Schedule->store()
#3 D:\xampp new\htdocs\unisys\system\CodeIgniter.php(412): CodeIgniter\CodeIgniter->runController(Object(App\Controllers\Schedule))
#4 D:\xampp new\htdocs\unisys\system\CodeIgniter.php(320): CodeIgniter\CodeIgniter->handleRequest(NULL, Object(Config\Cache), false)
#5 D:\xampp new\htdocs\unisys\public\index.php(37): CodeIgniter\CodeIgniter->run()
#6 {main}
CRITICAL - 2022-02-23 22:11:40 --> Call to a member function get() on int
#0 D:\xampp new\htdocs\unisys\system\CodeIgniter.php(825): App\Controllers\Home->index()
#1 D:\xampp new\htdocs\unisys\system\CodeIgniter.php(412): CodeIgniter\CodeIgniter->runController(Object(App\Controllers\Home))
#2 D:\xampp new\htdocs\unisys\system\CodeIgniter.php(320): CodeIgniter\CodeIgniter->handleRequest(NULL, Object(Config\Cache), false)
#3 D:\xampp new\htdocs\unisys\public\index.php(37): CodeIgniter\CodeIgniter->run()
#4 {main}
CRITICAL - 2022-02-23 22:17:57 --> count(): Parameter must be an array or an object that implements Countable
#0 [internal function]: CodeIgniter\Debug\Exceptions->errorHandler(2, 'count(): Parame...', 'D:\\xampp new\\ht...', 13, Array)
#1 D:\xampp new\htdocs\unisys\app\Controllers\Home.php(13): count(Object(App\Models\channel\Channel_model))
#2 D:\xampp new\htdocs\unisys\system\CodeIgniter.php(825): App\Controllers\Home->index()
#3 D:\xampp new\htdocs\unisys\system\CodeIgniter.php(412): CodeIgniter\CodeIgniter->runController(Object(App\Controllers\Home))
#4 D:\xampp new\htdocs\unisys\system\CodeIgniter.php(320): CodeIgniter\CodeIgniter->handleRequest(NULL, Object(Config\Cache), false)
#5 D:\xampp new\htdocs\unisys\public\index.php(37): CodeIgniter\CodeIgniter->run()
#6 {main}
CRITICAL - 2022-02-23 22:21:08 --> Object of class App\Models\channel\Channel_model could not be converted to string
#0 D:\xampp new\htdocs\unisys\system\View\View.php(210): include()
#1 D:\xampp new\htdocs\unisys\system\View\View.php(213): CodeIgniter\View\View->CodeIgniter\View\{closure}()
#2 D:\xampp new\htdocs\unisys\system\Common.php(1089): CodeIgniter\View\View->render('/dashboard/admi...', Array, true)
#3 D:\xampp new\htdocs\unisys\app\Controllers\BaseController.php(61): view('/dashboard/admi...', Array)
#4 D:\xampp new\htdocs\unisys\app\Controllers\Home.php(14): App\Controllers\BaseController->template('/dashboard/admi...', Array)
#5 D:\xampp new\htdocs\unisys\system\CodeIgniter.php(825): App\Controllers\Home->index()
#6 D:\xampp new\htdocs\unisys\system\CodeIgniter.php(412): CodeIgniter\CodeIgniter->runController(Object(App\Controllers\Home))
#7 D:\xampp new\htdocs\unisys\system\CodeIgniter.php(320): CodeIgniter\CodeIgniter->handleRequest(NULL, Object(Config\Cache), false)
#8 D:\xampp new\htdocs\unisys\public\index.php(37): CodeIgniter\CodeIgniter->run()
#9 {main}
